<?xml version="1.0" encoding="UTF-8"?>
<testng-results skipped="0" failed="0" ignored="0" total="1" passed="1">
  <reporter-output>
  </reporter-output>
  <suite name="Default suite" duration-ms="20001" started-at="2019-11-08T18:39:50Z" finished-at="2019-11-08T18:40:10Z">
    <groups>
    </groups>
    <test name="Default test" duration-ms="20001" started-at="2019-11-08T18:39:50Z" finished-at="2019-11-08T18:40:10Z">
      <class name="TestCases.ShoppingCart">
        <test-method status="PASS" signature="mouseover()[pri:0, instance:TestCases.ShoppingCart@5c7fa833]" name="mouseover" duration-ms="19956" started-at="2019-11-08T18:39:50Z" finished-at="2019-11-08T18:40:10Z">
          <reporter-output>
          </reporter-output>
        </test-method> <!-- mouseover -->
      </class> <!-- TestCases.ShoppingCart -->
    </test> <!-- Default test -->
  </suite> <!-- Default suite -->
</testng-results>
